0 info it worked if it ends with ok
1 verbose cli [ 'node', '/usr/local/bin/npm', 'run', 'watch' ]
2 info using npm@2.1.6
3 info using node@v0.10.33
4 verbose node symlink /usr/local/bin/node
5 verbose run-script [ 'prewatch', 'watch', 'postwatch' ]
6 info prewatch bezier-curves@1.0.0
7 info watch bezier-curves@1.0.0
8 verbose unsafe-perm in lifecycle true
9 info bezier-curves@1.0.0 Failed to exec watch script
10 verbose stack Error: bezier-curves@1.0.0 watch: `npm run watch-css & npm run watch-js`
10 verbose stack Exit status 1
10 verbose stack     at ChildProcess.<anonymous> (/usr/local/lib/node_modules/npm/lib/utils/lifecycle.js:212:16)
10 verbose stack     at ChildProcess.emit (events.js:98:17)
10 verbose stack     at maybeClose (child_process.js:756:16)
10 verbose stack     at Process.ChildProcess._handle.onexit (child_process.js:823:5)
11 verbose pkgid bezier-curves@1.0.0
12 verbose cwd /Users/bendiksolheim/dev/bekk/talks/bezier-curves
13 error Darwin 14.1.0
14 error argv "node" "/usr/local/bin/npm" "run" "watch"
15 error node v0.10.33
16 error npm  v2.1.6
17 error code ELIFECYCLE
18 error bezier-curves@1.0.0 watch: `npm run watch-css & npm run watch-js`
18 error Exit status 1
19 error Failed at the bezier-curves@1.0.0 watch script.
19 error This is most likely a problem with the bezier-curves package,
19 error not with npm itself.
19 error Tell the author that this fails on your system:
19 error     npm run watch-css & npm run watch-js
19 error You can get their info via:
19 error     npm owner ls bezier-curves
19 error There is likely additional logging output above.
20 verbose exit [ 1, true ]
